In clock cycle: 1
Register Write to Reg: 0x08 Val: 0x10010000
In clock cycle: 2
Register Write to Reg: 0x08 Val: 0x10010004
In clock cycle: 3
Register Write to Reg: 0x09 Val: 0x00000006
In clock cycle: 4
Register Write to Reg: 0x09 Val: 0x00000005
In clock cycle: 5
Register Write to Reg: 0x0A Val: 0xFFFFFFFF
In clock cycle: 6
Register Write to Reg: 0x0B Val: 0xFFFFFFFC
In clock cycle: 7
Register Write to Reg: 0x0A Val: 0x00000000
In clock cycle: 8
Register Write to Reg: 0x0F Val: 0x00000001
In clock cycle: 10
Register Write to Reg: 0x0C Val: 0x00000000
In clock cycle: 11
Register Write to Reg: 0x0D Val: 0x00000005
In clock cycle: 12
Register Write to Reg: 0x0B Val: 0x00000000
In clock cycle: 13
Register Write to Reg: 0x0F Val: 0x00000001
In clock cycle: 15
Register Write to Reg: 0x0E Val: 0x10010004
In clock cycle: 16
Register Write to Reg: 0x18 Val: 0x0000004C
In clock cycle: 17
Register Write to Reg: 0x19 Val: 0x00000017
In clock cycle: 18
Register Write to Reg: 0x0F Val: 0x00000000
In clock cycle: 20
Register Write to Reg: 0x0B Val: 0x00000004
In clock cycle: 21
Register Write to Reg: 0x0F Val: 0x00000001
In clock cycle: 23
Register Write to Reg: 0x0E Val: 0x10010008
In clock cycle: 24
Register Write to Reg: 0x18 Val: 0x0000000E
In clock cycle: 25
Register Write to Reg: 0x19 Val: 0x0000004C
In clock cycle: 26
Register Write to Reg: 0x0F Val: 0x00000001
In clock cycle: 28
Memory Write to Addr: 0x1001000C Val: 0x0000004C
In clock cycle: 29
Memory Write to Addr: 0x10010008 Val: 0x0000000E
In clock cycle: 30
Register Write to Reg: 0x0C Val: 0x00000001
In clock cycle: 32
Register Write to Reg: 0x0B Val: 0x00000008
In clock cycle: 33
Register Write to Reg: 0x0F Val: 0x00000000
In clock cycle: 37
Register Write to Reg: 0x0A Val: 0x00000001
In clock cycle: 38
Register Write to Reg: 0x0F Val: 0x00000001
In clock cycle: 40
Register Write to Reg: 0x0C Val: 0x00000000
In clock cycle: 41
Register Write to Reg: 0x0D Val: 0x00000004
In clock cycle: 42
Register Write to Reg: 0x0B Val: 0x0000000C
In clock cycle: 43
Register Write to Reg: 0x0F Val: 0x00000000
Execution is stopping! Clock Cycle: 46
